uni-app-mobile/android-project-5.04/simpleDemo/build/intermediates/manifest_merge_blame_file/release/processReleaseMainManifest/manifest-merger-blame-release-report.txt
1<?xml version="1.0" encoding="utf-8"?>
2<manifest xmlns:android="http://schemas.android.com/apk/res/android"
3    package="com.android.simple"
4    android:versionCode="1"
5    android:versionName="1.0" >
6
7    <uses-sdk
8        android:minSdkVersion="21"
9        android:targetSdkVersion="33" />
10
11    <uses-permission android:name="android.permission.INTERNET" />
11-->src/main/AndroidManifest.xml:6:5-67
11-->src/main/AndroidManifest.xml:6:22-64
12    <uses-permission android:name="android.permission.ACCESS_NETWORK_STATE" />
12-->src/main/AndroidManifest.xml:7:5-79
12-->src/main/AndroidManifest.xml:7:22-76
13    <uses-permission android:name="android.permission.ACCESS_WIFI_STATE" />
13-->src/main/AndroidManifest.xml:8:5-76
13-->src/main/AndroidManifest.xml:8:22-73
14    <uses-permission android:name="android.permission.WRITE_EXTERNAL_STORAGE" />
14-->src/main/AndroidManifest.xml:9:5-81
14-->src/main/AndroidManifest.xml:9:22-78
15    <uses-permission android:name="android.permission.READ_EXTERNAL_STORAGE" />
15-->src/main/AndroidManifest.xml:10:5-80
15-->src/main/AndroidManifest.xml:10:22-77
16
17    <supports-screens
17-->[lib.5plus.base-release.aar] AndroidManifest.xml:7:5-12:39
18        android:anyDensity="true"
18-->[lib.5plus.base-release.aar] AndroidManifest.xml:8:9-34
19        android:largeScreens="true"
19-->[lib.5plus.base-release.aar] AndroidManifest.xml:9:9-36
20        android:normalScreens="true"
20-->[lib.5plus.base-release.aar] AndroidManifest.xml:10:9-37
21        android:resizeable="true"
21-->[lib.5plus.base-release.aar] AndroidManifest.xml:11:9-34
22        android:smallScreens="true" /> <!-- 适配android 13 图片选择权限 -->
22-->[lib.5plus.base-release.aar] AndroidManifest.xml:12:9-36
23    <uses-permission android:name="android.permission.READ_MEDIA_IMAGES" />
23-->[lib.5plus.base-release.aar] AndroidManifest.xml:17:5-76
23-->[lib.5plus.base-release.aar] AndroidManifest.xml:17:22-73
24    <uses-permission android:name="android.permission.READ_MEDIA_VIDEO" />
24-->[lib.5plus.base-release.aar] AndroidManifest.xml:18:5-75
24-->[lib.5plus.base-release.aar] AndroidManifest.xml:18:22-72
25    <uses-permission android:name="android.permission.READ_MEDIA_VISUAL_USER_SELECTED" />
25-->[lib.5plus.base-release.aar] AndroidManifest.xml:19:5-90
25-->[lib.5plus.base-release.aar] AndroidManifest.xml:19:22-87
26    <!--
27    <uses-permission
28        android:name="com.android.launcher.permission.UNINSTALL_SHORTCUT" />
29    -->
30    <!-- 华为修改角标需要设置权限 -->
31    <uses-permission android:name="com.huawei.android.launcher.permission.CHANGE_BADGE" /> <!-- vivo 修改角标需要设置权限 -->
31-->[lib.5plus.base-release.aar] AndroidManifest.xml:27:5-91
31-->[lib.5plus.base-release.aar] AndroidManifest.xml:27:22-88
32    <uses-permission android:name="com.vivo.notification.permission.BADGE_ICON" />
32-->[lib.5plus.base-release.aar] AndroidManifest.xml:29:5-83
32-->[lib.5plus.base-release.aar] AndroidManifest.xml:29:22-80
33
34    <queries>
34-->[lib.5plus.base-release.aar] AndroidManifest.xml:31:5-40:15
35        <intent>
35-->[lib.5plus.base-release.aar] AndroidManifest.xml:32:9-34:18
36            <action android:name="android.intent.action.MAIN" />
36-->src/main/AndroidManifest.xml:35:17-69
36-->src/main/AndroidManifest.xml:35:25-66
37        </intent>
38        <intent>
38-->[lib.5plus.base-release.aar] AndroidManifest.xml:35:9-39:18
39            <action android:name="android.intent.action.VIEW" />
39-->[lib.5plus.base-release.aar] AndroidManifest.xml:36:13-65
39-->[lib.5plus.base-release.aar] AndroidManifest.xml:36:21-62
40
41            <category android:name="android.intent.category.DEFAULT" />
41-->[lib.5plus.base-release.aar] AndroidManifest.xml:38:13-72
41-->[lib.5plus.base-release.aar] AndroidManifest.xml:38:23-69
42        </intent>
43    </queries>
44
45    <uses-permission android:name="com.asus.msa.SupplementaryDID.ACCESS" />
45-->[oaid_sdk_1.0.25.aar] AndroidManifest.xml:13:5-76
45-->[oaid_sdk_1.0.25.aar] AndroidManifest.xml:13:22-73
46    <uses-permission android:name="freemme.permission.msa" />
46-->[oaid_sdk_1.0.25.aar] AndroidManifest.xml:15:5-62
46-->[oaid_sdk_1.0.25.aar] AndroidManifest.xml:15:22-59
47
48    <application
48-->src/main/AndroidManifest.xml:12:5-46:19
49        android:name="io.dcloud.application.DCloudApplication"
49-->src/main/AndroidManifest.xml:13:9-63
50        android:allowBackup="true"
50-->src/main/AndroidManifest.xml:14:9-35
51        android:appComponentFactory="androidx.core.app.CoreComponentFactory"
51-->[androidx.core:core:1.1.0] AndroidManifest.xml:24:18-86
52        android:enableOnBackInvokedCallback="false"
52-->[lib.5plus.base-release.aar] AndroidManifest.xml:174:9-52
53        android:extractNativeLibs="true"
54        android:icon="@drawable/icon"
54-->src/main/AndroidManifest.xml:15:9-38
55        android:label="聚聚"
55-->src/main/AndroidManifest.xml:16:9-27
56        android:supportsRtl="true"
56-->[lib.5plus.base-release.aar] AndroidManifest.xml:175:9-35
57        android:theme="@style/TranslucentTheme"
57-->src/main/AndroidManifest.xml:17:9-48
58        android:usesCleartextTraffic="true" >
58-->[lib.5plus.base-release.aar] AndroidManifest.xml:176:9-44
59        <meta-data
59-->src/main/AndroidManifest.xml:19:9-21:66
60            android:name="DCLOUD_STREAMAPP_CHANNEL"
60-->src/main/AndroidManifest.xml:20:13-52
61            android:value="com.juju.platform|__UNI__030FDBA||" />
61-->src/main/AndroidManifest.xml:21:13-63
62        <meta-data
62-->src/main/AndroidManifest.xml:22:9-24:64
63            android:name="dcloud_appkey"
63-->src/main/AndroidManifest.xml:23:13-41
64            android:value="5d645c0ee06ea2ac05565642984392dd" />
64-->src/main/AndroidManifest.xml:24:13-61
65
66        <activity
66-->src/main/AndroidManifest.xml:26:9-38:20
67            android:name="io.dcloud.PandoraEntry"
67-->src/main/AndroidManifest.xml:27:13-50
68            android:configChanges="orientation|keyboardHidden|screenSize|locale"
68-->src/main/AndroidManifest.xml:28:13-81
69            android:exported="true"
69-->src/main/AndroidManifest.xml:29:13-36
70            android:label="聚聚"
70-->src/main/AndroidManifest.xml:30:13-31
71            android:launchMode="singleTask"
71-->src/main/AndroidManifest.xml:31:13-44
72            android:screenOrientation="portrait"
72-->src/main/AndroidManifest.xml:32:13-49
73            android:theme="@style/TranslucentTheme" >
73-->src/main/AndroidManifest.xml:33:13-52
74            <intent-filter>
74-->src/main/AndroidManifest.xml:34:13-37:29
75                <action android:name="android.intent.action.MAIN" />
75-->src/main/AndroidManifest.xml:35:17-69
75-->src/main/AndroidManifest.xml:35:25-66
76
77                <category android:name="android.intent.category.LAUNCHER" />
77-->src/main/AndroidManifest.xml:36:17-77
77-->src/main/AndroidManifest.xml:36:27-74
78            </intent-filter>
79        </activity>
80        <activity
80-->src/main/AndroidManifest.xml:40:9-45:50
81            android:name="io.dcloud.PandoraEntryActivity"
81-->src/main/AndroidManifest.xml:41:13-58
82            android:configChanges="orientation|keyboardHidden|screenSize|locale"
82-->src/main/AndroidManifest.xml:42:13-81
83            android:exported="true"
83-->src/main/AndroidManifest.xml:43:13-36
84            android:launchMode="singleTask"
84-->src/main/AndroidManifest.xml:44:13-44
85            android:theme="@style/DCloudTheme" />
85-->src/main/AndroidManifest.xml:45:13-47
86        <!--
87        <activity
88            android:name="io.dcloud.imagepick.CustomGalleryActivity"
89            android:noHistory="true"
90            android:exported="false"/>
91        -->
92        <activity
92-->[lib.5plus.base-release.aar] AndroidManifest.xml:185:9-191:56
93            android:name="io.dcloud.feature.nativeObj.photoview.PhotoActivity"
93-->[lib.5plus.base-release.aar] AndroidManifest.xml:186:13-79
94            android:configChanges="orientation|keyboardHidden"
94-->[lib.5plus.base-release.aar] AndroidManifest.xml:187:13-63
95            android:exported="false"
95-->[lib.5plus.base-release.aar] AndroidManifest.xml:188:13-37
96            android:noHistory="false"
96-->[lib.5plus.base-release.aar] AndroidManifest.xml:189:13-38
97            android:screenOrientation="behind"
97-->[lib.5plus.base-release.aar] AndroidManifest.xml:190:13-47
98            android:theme="@style/DCloudTheme.Light" />
98-->[lib.5plus.base-release.aar] AndroidManifest.xml:191:13-53
99        <activity
99-->[lib.5plus.base-release.aar] AndroidManifest.xml:192:9-201:58
100            android:name="io.dcloud.WebAppActivity"
100-->[lib.5plus.base-release.aar] AndroidManifest.xml:193:13-52
101            android:configChanges="orientation|keyboard|keyboardHidden|smallestScreenSize|screenLayout|screenSize|mcc|mnc|fontScale|navigation"
101-->[lib.5plus.base-release.aar] AndroidManifest.xml:194:13-144
102            android:hardwareAccelerated="true"
102-->[lib.5plus.base-release.aar] AndroidManifest.xml:195:13-47
103            android:icon="@drawable/dcloud_recent"
103-->[lib.5plus.base-release.aar] AndroidManifest.xml:196:13-51
104            android:label="@string/stream_my"
104-->[lib.5plus.base-release.aar] AndroidManifest.xml:197:13-46
105            android:launchMode="singleTask"
105-->[lib.5plus.base-release.aar] AndroidManifest.xml:198:13-44
106            android:screenOrientation="portrait"
106-->[lib.5plus.base-release.aar] AndroidManifest.xml:199:13-49
107            android:theme="@style/DCloudTheme"
107-->[lib.5plus.base-release.aar] AndroidManifest.xml:200:13-47
108            android:windowSoftInputMode="adjustResize" />
108-->[lib.5plus.base-release.aar] AndroidManifest.xml:201:13-55
109        <activity
109-->[lib.5plus.base-release.aar] AndroidManifest.xml:202:9-206:75
110            android:name="io.dcloud.ProcessMediator"
110-->[lib.5plus.base-release.aar] AndroidManifest.xml:203:13-53
111            android:excludeFromRecents="true"
111-->[lib.5plus.base-release.aar] AndroidManifest.xml:204:13-46
112            android:exported="false"
112-->[lib.5plus.base-release.aar] AndroidManifest.xml:205:13-37
113            android:theme="@android:style/Theme.Translucent.NoTitleBar" />
113-->[lib.5plus.base-release.aar] AndroidManifest.xml:206:13-72
114        <activity
114-->[lib.5plus.base-release.aar] AndroidManifest.xml:207:9-213:20
115            android:name="io.dcloud.WebviewActivity"
115-->[lib.5plus.base-release.aar] AndroidManifest.xml:208:13-53
116            android:exported="false"
116-->[lib.5plus.base-release.aar] AndroidManifest.xml:209:13-37
117            android:screenOrientation="portrait"
117-->[lib.5plus.base-release.aar] AndroidManifest.xml:210:13-49
118            android:theme="@style/AppCompat.ThemeNoTitleBar"
118-->[lib.5plus.base-release.aar] AndroidManifest.xml:211:13-61
119            android:windowSoftInputMode="adjustPan" >
119-->[lib.5plus.base-release.aar] AndroidManifest.xml:212:13-52
120        </activity> <!-- gallery******start -->
121        <activity
121-->[lib.5plus.base-release.aar] AndroidManifest.xml:216:9-221:63
122            android:name="com.dmcbig.mediapicker.PickerActivity"
122-->[lib.5plus.base-release.aar] AndroidManifest.xml:217:13-65
123            android:configChanges="orientation|screenSize"
123-->[lib.5plus.base-release.aar] AndroidManifest.xml:218:13-59
124            android:exported="false"
124-->[lib.5plus.base-release.aar] AndroidManifest.xml:219:13-37
125            android:theme="@style/DeviceDefault.Light"
125-->[lib.5plus.base-release.aar] AndroidManifest.xml:220:13-55
126            android:windowSoftInputMode="stateAlwaysHidden" />
126-->[lib.5plus.base-release.aar] AndroidManifest.xml:221:13-60
127        <activity
127-->[lib.5plus.base-release.aar] AndroidManifest.xml:222:9-227:63
128            android:name="com.dmcbig.mediapicker.PreviewActivity"
128-->[lib.5plus.base-release.aar] AndroidManifest.xml:223:13-66
129            android:configChanges="orientation|screenSize"
129-->[lib.5plus.base-release.aar] AndroidManifest.xml:224:13-59
130            android:exported="false"
130-->[lib.5plus.base-release.aar] AndroidManifest.xml:225:13-37
131            android:theme="@style/DeviceDefault.Light"
131-->[lib.5plus.base-release.aar] AndroidManifest.xml:226:13-55
132            android:windowSoftInputMode="stateAlwaysHidden" /> <!-- gallery******end -->
132-->[lib.5plus.base-release.aar] AndroidManifest.xml:227:13-60
133        <provider
133-->[lib.5plus.base-release.aar] AndroidManifest.xml:230:9-238:20
134            android:name="io.dcloud.common.util.DCloud_FileProvider"
134-->[lib.5plus.base-release.aar] AndroidManifest.xml:231:13-69
135            android:authorities="com.android.simple.dc.fileprovider"
135-->[lib.5plus.base-release.aar] AndroidManifest.xml:232:13-67
136            android:exported="false"
136-->[lib.5plus.base-release.aar] AndroidManifest.xml:233:13-37
137            android:grantUriPermissions="true" >
137-->[lib.5plus.base-release.aar] AndroidManifest.xml:234:13-47
138            <meta-data
138-->[lib.5plus.base-release.aar] AndroidManifest.xml:235:13-237:64
139                android:name="android.support.FILE_PROVIDER_PATHS"
139-->[lib.5plus.base-release.aar] AndroidManifest.xml:236:17-67
140                android:resource="@xml/dcloud_file_provider" />
140-->[lib.5plus.base-release.aar] AndroidManifest.xml:237:17-61
141        </provider>
142        <!--
143            <meta-data
144            android:name="DCLOUD_STREAMAPP_CHANNEL"
145            android:value="io.dcloud.%APPID%|%APPID%|" />
146        -->
147        <meta-data
147-->[lib.5plus.base-release.aar] AndroidManifest.xml:245:9-247:35
148            android:name="android.max_aspect"
148-->[lib.5plus.base-release.aar] AndroidManifest.xml:246:13-46
149            android:value="2.4" />
149-->[lib.5plus.base-release.aar] AndroidManifest.xml:247:13-32
150
151        <activity
151-->[lib.5plus.base-release.aar] AndroidManifest.xml:249:9-254:63
152            android:name="io.dcloud.feature.gallery.imageedit.IMGEditActivity"
152-->[lib.5plus.base-release.aar] AndroidManifest.xml:250:13-79
153            android:configChanges="orientation|keyboardHidden|screenSize"
153-->[lib.5plus.base-release.aar] AndroidManifest.xml:251:13-74
154            android:exported="false"
154-->[lib.5plus.base-release.aar] AndroidManifest.xml:252:13-37
155            android:theme="@style/ImageEditTheme"
155-->[lib.5plus.base-release.aar] AndroidManifest.xml:253:13-50
156            android:windowSoftInputMode="stateAlwaysHidden" /> <!-- 广告相关配置开始 -->
156-->[lib.5plus.base-release.aar] AndroidManifest.xml:254:13-60
157        <activity
157-->[lib.5plus.base-release.aar] AndroidManifest.xml:257:9-262:55
158            android:name="io.dcloud.sdk.activity.WebViewActivity"
158-->[lib.5plus.base-release.aar] AndroidManifest.xml:258:13-66
159            android:exported="false"
159-->[lib.5plus.base-release.aar] AndroidManifest.xml:259:13-37
160            android:screenOrientation="portrait"
160-->[lib.5plus.base-release.aar] AndroidManifest.xml:260:13-49
161            android:theme="@style/ThemeNoTitleBar"
161-->[lib.5plus.base-release.aar] AndroidManifest.xml:261:13-51
162            android:windowSoftInputMode="adjustPan" />
162-->[lib.5plus.base-release.aar] AndroidManifest.xml:262:13-52
163
164        <service
164-->[lib.5plus.base-release.aar] AndroidManifest.xml:264:9-267:72
165            android:name="io.dcloud.sdk.base.service.DownloadService"
165-->[lib.5plus.base-release.aar] AndroidManifest.xml:265:13-70
166            android:exported="false"
166-->[lib.5plus.base-release.aar] AndroidManifest.xml:266:13-37
167            android:permission="android.permission.BIND_JOB_SERVICE" />
167-->[lib.5plus.base-release.aar] AndroidManifest.xml:267:13-69
168
169        <provider
169-->[lib.5plus.base-release.aar] AndroidManifest.xml:269:9-277:20
170            android:name="io.dcloud.sdk.base.service.provider.DCloudAdFileProvider"
170-->[lib.5plus.base-release.aar] AndroidManifest.xml:270:13-84
171            android:authorities="com.android.simple.dc.fileprovider"
171-->[lib.5plus.base-release.aar] AndroidManifest.xml:271:13-67
172            android:exported="false"
172-->[lib.5plus.base-release.aar] AndroidManifest.xml:272:13-37
173            android:grantUriPermissions="true" >
173-->[lib.5plus.base-release.aar] AndroidManifest.xml:273:13-47
174            <meta-data
174-->[lib.5plus.base-release.aar] AndroidManifest.xml:235:13-237:64
175                android:name="android.support.FILE_PROVIDER_PATHS"
175-->[lib.5plus.base-release.aar] AndroidManifest.xml:236:17-67
176                android:resource="@xml/dcloud_gg_file_provider" />
176-->[lib.5plus.base-release.aar] AndroidManifest.xml:237:17-61
177        </provider>
178
179        <receiver
179-->[uniapp-v8-release.aar] AndroidManifest.xml:28:9-32:20
180            android:name="com.taobao.weex.WXGlobalEventReceiver"
180-->[uniapp-v8-release.aar] AndroidManifest.xml:29:13-65
181            android:enabled="true"
181-->[uniapp-v8-release.aar] AndroidManifest.xml:30:13-35
182            android:exported="false" >
182-->[uniapp-v8-release.aar] AndroidManifest.xml:31:13-37
183        </receiver>
184    </application>
185
186</manifest>